app/build/outputs/logs/manifest-merger-debug-report.txt
-- Merging decision tree log ---
manifest
ADDED from src/main/AndroidManifest.xml:2:1-54:12
	package
		ADDED from src/main/AndroidManifest.xml:3:5-49
		INJECTED from src/main/AndroidManifest.xml
		INJECTED from src/main/AndroidManifest.xml
	android:versionName
		INJECTED from src/main/AndroidManifest.xml
		INJECTED from src/main/AndroidManifest.xml
	xmlns:android
		ADDED from src/main/AndroidManifest.xml:2:11-69
	android:versionCode
		INJECTED from src/main/AndroidManifest.xml
		INJECTED from src/main/AndroidManifest.xml
application
ADDED from src/main/AndroidManifest.xml:5:5-47:19
MERGED from [com.android.support:appcompat-v7:25.2.0] AndroidManifest.xml:25:5-20
MERGED from [com.android.support:support-v4:25.2.0] AndroidManifest.xml:25:5-20
MERGED from [com.android.support:support-fragment:25.2.0] AndroidManifest.xml:25:5-20
MERGED from [com.android.support:support-media-compat:25.2.0] AndroidManifest.xml:25:5-20
MERGED from [com.android.support:support-core-ui:25.2.0] AndroidManifest.xml:25:5-20
MERGED from [com.android.support:support-core-utils:25.2.0] AndroidManifest.xml:25:5-20
MERGED from [com.android.support:animated-vector-drawable:25.2.0] AndroidManifest.xml:22:5-20
MERGED from [com.android.support:support-vector-drawable:25.2.0] AndroidManifest.xml:23:5-20
MERGED from [com.android.support:support-compat:25.2.0] AndroidManifest.xml:25:5-20
	android:label
		ADDED from src/main/AndroidManifest.xml:8:9-41
	android:supportsRtl
		ADDED from src/main/AndroidManifest.xml:9:9-35
	android:allowBackup
		ADDED from src/main/AndroidManifest.xml:6:9-35
	android:icon
		ADDED from src/main/AndroidManifest.xml:7:9-43
	android:theme
		ADDED from src/main/AndroidManifest.xml:11:9-40
	android:isGame
		ADDED from src/main/AndroidManifest.xml:10:9-30
activity#com.example.paolobonomi.eattheball.Activity.Activity.LaunchActivity
ADDED from src/main/AndroidManifest.xml:13:9-20:20
	android:screenOrientation
		ADDED from src/main/AndroidManifest.xml:15:13-50
	android:name
		ADDED from src/main/AndroidManifest.xml:14:13-61
intent-filter#android.intent.action.MAIN+android.intent.category.LAUNCHER
ADDED from src/main/AndroidManifest.xml:16:13-19:29
action#android.intent.action.MAIN
ADDED from src/main/AndroidManifest.xml:17:17-69
	android:name
		ADDED from src/main/AndroidManifest.xml:17:25-66
category#android.intent.category.LAUNCHER
ADDED from src/main/AndroidManifest.xml:18:17-77
	android:name
		ADDED from src/main/AndroidManifest.xml:18:27-74
activity#com.example.paolobonomi.eattheball.Activity.Activity.MainGameActivity
ADDED from src/main/AndroidManifest.xml:22:9-25:20
	android:screenOrientation
		ADDED from src/main/AndroidManifest.xml:24:13-50
	android:name
		ADDED from src/main/AndroidManifest.xml:23:13-63
activity#com.example.paolobonomi.eattheball.Activity.Activity.MainMenuActivity
ADDED from src/main/AndroidManifest.xml:27:9-30:20
	android:screenOrientation
		ADDED from src/main/AndroidManifest.xml:29:13-50
	android:name
		ADDED from src/main/AndroidManifest.xml:28:13-63
activity#com.example.paolobonomi.eattheball.Activity.Activity.NewHighScoreActivity
ADDED from src/main/AndroidManifest.xml:32:9-35:20
	android:screenOrientation
		ADDED from src/main/AndroidManifest.xml:34:13-50
	android:name
		ADDED from src/main/AndroidManifest.xml:33:13-67
activity#com.example.paolobonomi.eattheball.Activity.Activity.ShopActivity
ADDED from src/main/AndroidManifest.xml:37:9-40:20
	android:screenOrientation
		ADDED from src/main/AndroidManifest.xml:39:13-50
	android:name
		ADDED from src/main/AndroidManifest.xml:38:13-59
activity#com.example.paolobonomi.eattheball.Activity.Activity.HighScoresActivity
ADDED from src/main/AndroidManifest.xml:42:9-45:20
	android:screenOrientation
		ADDED from src/main/AndroidManifest.xml:44:13-50
	android:name
		ADDED from src/main/AndroidManifest.xml:43:13-65
uses-feature#android.hardware.screen.landscape
ADDED from src/main/AndroidManifest.xml:49:5-69
	android:name
		ADDED from src/main/AndroidManifest.xml:49:19-67
uses-feature#android.hardware.sensor.gyroscope
ADDED from src/main/AndroidManifest.xml:50:5-69
	android:name
		ADDED from src/main/AndroidManifest.xml:50:19-67
uses-feature#0x00020000
ADDED from src/main/AndroidManifest.xml:51:5-78
	android:glEsVersion
		ADDED from src/main/AndroidManifest.xml:51:19-51
	android:required
		ADDED from src/main/AndroidManifest.xml:51:52-75
uses-permission#android.permission.VIBRATE
ADDED from src/main/AndroidManifest.xml:52:5-66
	android:name
		ADDED from src/main/AndroidManifest.xml:52:22-63
uses-sdk
INJECTED from src/main/AndroidManifest.xml reason: use-sdk injection requested
MERGED from [com.android.support:appcompat-v7:25.2.0] AndroidManifest.xml:21:5-23:78
MERGED from [com.android.support:support-v4:25.2.0] AndroidManifest.xml:21:5-23:54
MERGED from [com.android.support:support-fragment:25.2.0] AndroidManifest.xml:21:5-23:60
MERGED from [com.android.support:support-media-compat:25.2.0] AndroidManifest.xml:21:5-23:63
MERGED from [com.android.support:support-core-ui:25.2.0] AndroidManifest.xml:21:5-23:58
MERGED from [com.android.support:support-core-utils:25.2.0] AndroidManifest.xml:21:5-23:61
MERGED from [com.android.support:animated-vector-drawable:25.2.0] AndroidManifest.xml:20:5-44
MERGED from [com.android.support:support-vector-drawable:25.2.0] AndroidManifest.xml:21:5-43
MERGED from [com.android.support:support-compat:25.2.0] AndroidManifest.xml:21:5-23:58
	tools:overrideLibrary
		ADDED from [com.android.support:appcompat-v7:25.2.0] AndroidManifest.xml:23:9-75
	android:targetSdkVersion
		INJECTED from src/main/AndroidManifest.xml
		INJECTED from src/main/AndroidManifest.xml
	android:minSdkVersion
		INJECTED from src/main/AndroidManifest.xml
		INJECTED from src/main/AndroidManifest.xml